2025-09-09 10:58:20 - INFO - ======================================================================
2025-09-09 10:58:20 - INFO - MODEL = /root/autodl-tmp/AceMath
2025-09-09 10:58:20 - INFO - Run dir = outputs/AceMath/20250909_105820
2025-09-09 10:58:20 - INFO - Logs at = outputs/AceMath/20250909_105820/logs/experiment_AceMath_20250909_105820.log
2025-09-09 10:58:20 - INFO - ======================================================================
2025-09-09 10:58:27 - INFO - Model & tokenizer loaded.
2025-09-09 10:58:27 - INFO - Layer probing indices = [1, 2, 3, 4, 5, 6]... (total 28) | logical_num_layers=28, hidden_states_len=29
2025-09-09 10:58:27 - INFO - ========== START REP 1/5 seed=42 ==========
2025-09-09 10:58:27 - INFO - Seed set to 42
2025-09-09 10:58:27 - INFO - --- Rep 1, Range [500-509] ---
2025-09-09 10:58:27 - INFO - Range [500-509]: Starting dataset generation for target sums: [500, 501, 502, 503, 504, 505, 506, 507, 508, 509]
2025-09-09 10:58:27 - INFO - Range [500-509]: Finished dataset generation. Total samples: 4000
2025-09-09 10:58:27 - INFO - Evaluating model's direct answers for 4000 samples...
2025-09-09 10:58:39 - INFO - Filter: original=4000, filtered=2603
2025-09-09 10:58:39 - INFO - Range [500-509]: Starting activation extraction for 2603 filtered prompts, layers [1, 2, 3, 4, 5, 6, 7, 8, 9, 10, 11, 12, 13, 14, 15, 16, 17, 18, 19, 20, 21, 22, 23, 24, 25, 26, 27, 28], batch size 256.
2025-09-09 10:58:46 - INFO - Range [500-509]: Finished activation extraction for filtered set.
2025-09-09 10:58:55 - INFO - [Summary] Range 500-509 | GenAcc=0.6508 | OrigN=4000 | FiltN=2603 | BestLayer=26 Acc=0.7409
2025-09-09 10:58:55 - INFO - --- Rep 1, Range [600-609] ---
2025-09-09 10:58:55 - INFO - Range [600-609]: Starting dataset generation for target sums: [600, 601, 602, 603, 604, 605, 606, 607, 608, 609]
2025-09-09 10:58:55 - INFO - Range [600-609]: Finished dataset generation. Total samples: 4000
2025-09-09 10:58:55 - INFO - Evaluating model's direct answers for 4000 samples...
2025-09-09 10:59:06 - INFO - Filter: original=4000, filtered=3404
2025-09-09 10:59:06 - INFO - Range [600-609]: Starting activation extraction for 3404 filtered prompts, layers [1, 2, 3, 4, 5, 6, 7, 8, 9, 10, 11, 12, 13, 14, 15, 16, 17, 18, 19, 20, 21, 22, 23, 24, 25, 26, 27, 28], batch size 256.
2025-09-09 10:59:15 - INFO - Range [600-609]: Finished activation extraction for filtered set.
2025-09-09 10:59:28 - INFO - [Summary] Range 600-609 | GenAcc=0.8510 | OrigN=4000 | FiltN=3404 | BestLayer=20 Acc=0.7166
2025-09-09 10:59:28 - INFO - --- Rep 1, Range [700-709] ---
2025-09-09 10:59:28 - INFO - Range [700-709]: Starting dataset generation for target sums: [700, 701, 702, 703, 704, 705, 706, 707, 708, 709]
2025-09-09 10:59:28 - INFO - Range [700-709]: Finished dataset generation. Total samples: 4000
2025-09-09 10:59:28 - INFO - Evaluating model's direct answers for 4000 samples...
2025-09-09 10:59:39 - INFO - Filter: original=4000, filtered=2075
2025-09-09 10:59:39 - INFO - Range [700-709]: Starting activation extraction for 2075 filtered prompts, layers [1, 2, 3, 4, 5, 6, 7, 8, 9, 10, 11, 12, 13, 14, 15, 16, 17, 18, 19, 20, 21, 22, 23, 24, 25, 26, 27, 28], batch size 256.
2025-09-09 10:59:45 - INFO - Range [700-709]: Finished activation extraction for filtered set.
2025-09-09 10:59:52 - INFO - [Summary] Range 700-709 | GenAcc=0.5188 | OrigN=4000 | FiltN=2075 | BestLayer=25 Acc=0.6048
2025-09-09 10:59:52 - INFO - --- Rep 1, Range [800-809] ---
2025-09-09 10:59:52 - INFO - Range [800-809]: Starting dataset generation for target sums: [800, 801, 802, 803, 804, 805, 806, 807, 808, 809]
2025-09-09 10:59:52 - INFO - Range [800-809]: Finished dataset generation. Total samples: 4000
2025-09-09 10:59:52 - INFO - Evaluating model's direct answers for 4000 samples...
2025-09-09 11:00:03 - INFO - Filter: original=4000, filtered=2141
2025-09-09 11:00:03 - INFO - Range [800-809]: Starting activation extraction for 2141 filtered prompts, layers [1, 2, 3, 4, 5, 6, 7, 8, 9, 10, 11, 12, 13, 14, 15, 16, 17, 18, 19, 20, 21, 22, 23, 24, 25, 26, 27, 28], batch size 256.
2025-09-09 11:00:09 - INFO - Range [800-809]: Finished activation extraction for filtered set.
2025-09-09 11:00:17 - INFO - [Summary] Range 800-809 | GenAcc=0.5353 | OrigN=4000 | FiltN=2141 | BestLayer=24 Acc=0.6597
2025-09-09 11:00:17 - INFO - --- Rep 1, Range [900-909] ---
2025-09-09 11:00:17 - INFO - Range [900-909]: Starting dataset generation for target sums: [900, 901, 902, 903, 904, 905, 906, 907, 908, 909]
2025-09-09 11:00:17 - INFO - Range [900-909]: Finished dataset generation. Total samples: 4000
2025-09-09 11:00:17 - INFO - Evaluating model's direct answers for 4000 samples...
2025-09-09 11:00:29 - INFO - Filter: original=4000, filtered=2928
2025-09-09 11:00:29 - INFO - Range [900-909]: Starting activation extraction for 2928 filtered prompts, layers [1, 2, 3, 4, 5, 6, 7, 8, 9, 10, 11, 12, 13, 14, 15, 16, 17, 18, 19, 20, 21, 22, 23, 24, 25, 26, 27, 28], batch size 256.
2025-09-09 11:00:37 - INFO - Range [900-909]: Finished activation extraction for filtered set.
2025-09-09 11:00:48 - INFO - [Summary] Range 900-909 | GenAcc=0.7320 | OrigN=4000 | FiltN=2928 | BestLayer=22 Acc=0.6297
2025-09-09 11:00:48 - INFO - ========== END REP 1/5 ==========
2025-09-09 11:00:48 - INFO - ========== START REP 2/5 seed=43 ==========
2025-09-09 11:00:48 - INFO - Seed set to 43
2025-09-09 11:00:48 - INFO - --- Rep 2, Range [500-509] ---
2025-09-09 11:00:48 - INFO - Range [500-509]: Starting dataset generation for target sums: [500, 501, 502, 503, 504, 505, 506, 507, 508, 509]
2025-09-09 11:00:48 - INFO - Range [500-509]: Finished dataset generation. Total samples: 4000
2025-09-09 11:00:48 - INFO - Evaluating model's direct answers for 4000 samples...
2025-09-09 11:00:59 - INFO - Filter: original=4000, filtered=2588
2025-09-09 11:00:59 - INFO - Range [500-509]: Starting activation extraction for 2588 filtered prompts, layers [1, 2, 3, 4, 5, 6, 7, 8, 9, 10, 11, 12, 13, 14, 15, 16, 17, 18, 19, 20, 21, 22, 23, 24, 25, 26, 27, 28], batch size 256.
2025-09-09 11:01:06 - INFO - Range [500-509]: Finished activation extraction for filtered set.
2025-09-09 11:01:16 - INFO - [Summary] Range 500-509 | GenAcc=0.6470 | OrigN=4000 | FiltN=2588 | BestLayer=25 Acc=0.7143
2025-09-09 11:01:16 - INFO - --- Rep 2, Range [600-609] ---
2025-09-09 11:01:16 - INFO - Range [600-609]: Starting dataset generation for target sums: [600, 601, 602, 603, 604, 605, 606, 607, 608, 609]
2025-09-09 11:01:16 - INFO - Range [600-609]: Finished dataset generation. Total samples: 4000
2025-09-09 11:01:16 - INFO - Evaluating model's direct answers for 4000 samples...
2025-09-09 11:01:27 - INFO - Filter: original=4000, filtered=3428
2025-09-09 11:01:27 - INFO - Range [600-609]: Starting activation extraction for 3428 filtered prompts, layers [1, 2, 3, 4, 5, 6, 7, 8, 9, 10, 11, 12, 13, 14, 15, 16, 17, 18, 19, 20, 21, 22, 23, 24, 25, 26, 27, 28], batch size 256.
2025-09-09 11:01:37 - INFO - Range [600-609]: Finished activation extraction for filtered set.
2025-09-09 11:01:49 - INFO - [Summary] Range 600-609 | GenAcc=0.8570 | OrigN=4000 | FiltN=3428 | BestLayer=25 Acc=0.6968
2025-09-09 11:01:49 - INFO - --- Rep 2, Range [700-709] ---
2025-09-09 11:01:49 - INFO - Range [700-709]: Starting dataset generation for target sums: [700, 701, 702, 703, 704, 705, 706, 707, 708, 709]
2025-09-09 11:01:49 - INFO - Range [700-709]: Finished dataset generation. Total samples: 4000
2025-09-09 11:01:49 - INFO - Evaluating model's direct answers for 4000 samples...
2025-09-09 11:02:00 - INFO - Filter: original=4000, filtered=2086
2025-09-09 11:02:00 - INFO - Range [700-709]: Starting activation extraction for 2086 filtered prompts, layers [1, 2, 3, 4, 5, 6, 7, 8, 9, 10, 11, 12, 13, 14, 15, 16, 17, 18, 19, 20, 21, 22, 23, 24, 25, 26, 27, 28], batch size 256.
2025-09-09 11:02:06 - INFO - Range [700-709]: Finished activation extraction for filtered set.
2025-09-09 11:02:14 - INFO - [Summary] Range 700-709 | GenAcc=0.5215 | OrigN=4000 | FiltN=2086 | BestLayer=24 Acc=0.6220
2025-09-09 11:02:14 - INFO - --- Rep 2, Range [800-809] ---
2025-09-09 11:02:14 - INFO - Range [800-809]: Starting dataset generation for target sums: [800, 801, 802, 803, 804, 805, 806, 807, 808, 809]
2025-09-09 11:02:14 - INFO - Range [800-809]: Finished dataset generation. Total samples: 4000
2025-09-09 11:02:14 - INFO - Evaluating model's direct answers for 4000 samples...
2025-09-09 11:02:25 - INFO - Filter: original=4000, filtered=2137
2025-09-09 11:02:25 - INFO - Range [800-809]: Starting activation extraction for 2137 filtered prompts, layers [1, 2, 3, 4, 5, 6, 7, 8, 9, 10, 11, 12, 13, 14, 15, 16, 17, 18, 19, 20, 21, 22, 23, 24, 25, 26, 27, 28], batch size 256.
2025-09-09 11:02:31 - INFO - Range [800-809]: Finished activation extraction for filtered set.
2025-09-09 11:02:39 - INFO - [Summary] Range 800-809 | GenAcc=0.5343 | OrigN=4000 | FiltN=2137 | BestLayer=20 Acc=0.6308
2025-09-09 11:02:39 - INFO - --- Rep 2, Range [900-909] ---
2025-09-09 11:02:39 - INFO - Range [900-909]: Starting dataset generation for target sums: [900, 901, 902, 903, 904, 905, 906, 907, 908, 909]
2025-09-09 11:02:39 - INFO - Range [900-909]: Finished dataset generation. Total samples: 4000
2025-09-09 11:02:39 - INFO - Evaluating model's direct answers for 4000 samples...
2025-09-09 11:02:50 - INFO - Filter: original=4000, filtered=2918
2025-09-09 11:02:50 - INFO - Range [900-909]: Starting activation extraction for 2918 filtered prompts, layers [1, 2, 3, 4, 5, 6, 7, 8, 9, 10, 11, 12, 13, 14, 15, 16, 17, 18, 19, 20, 21, 22, 23, 24, 25, 26, 27, 28], batch size 256.
2025-09-09 11:02:58 - INFO - Range [900-909]: Finished activation extraction for filtered set.
2025-09-09 11:03:09 - INFO - [Summary] Range 900-909 | GenAcc=0.7295 | OrigN=4000 | FiltN=2918 | BestLayer=25 Acc=0.6507
2025-09-09 11:03:09 - INFO - ========== END REP 2/5 ==========
2025-09-09 11:03:09 - INFO - ========== START REP 3/5 seed=44 ==========
2025-09-09 11:03:09 - INFO - Seed set to 44
2025-09-09 11:03:09 - INFO - --- Rep 3, Range [500-509] ---
2025-09-09 11:03:09 - INFO - Range [500-509]: Starting dataset generation for target sums: [500, 501, 502, 503, 504, 505, 506, 507, 508, 509]
2025-09-09 11:03:09 - INFO - Range [500-509]: Finished dataset generation. Total samples: 4000
2025-09-09 11:03:09 - INFO - Evaluating model's direct answers for 4000 samples...
2025-09-09 11:03:20 - INFO - Filter: original=4000, filtered=2595
2025-09-09 11:03:20 - INFO - Range [500-509]: Starting activation extraction for 2595 filtered prompts, layers [1, 2, 3, 4, 5, 6, 7, 8, 9, 10, 11, 12, 13, 14, 15, 16, 17, 18, 19, 20, 21, 22, 23, 24, 25, 26, 27, 28], batch size 256.
2025-09-09 11:03:27 - INFO - Range [500-509]: Finished activation extraction for filtered set.
2025-09-09 11:03:37 - INFO - [Summary] Range 500-509 | GenAcc=0.6488 | OrigN=4000 | FiltN=2595 | BestLayer=24 Acc=0.7129
2025-09-09 11:03:37 - INFO - --- Rep 3, Range [600-609] ---
2025-09-09 11:03:37 - INFO - Range [600-609]: Starting dataset generation for target sums: [600, 601, 602, 603, 604, 605, 606, 607, 608, 609]
2025-09-09 11:03:37 - INFO - Range [600-609]: Finished dataset generation. Total samples: 4000
2025-09-09 11:03:37 - INFO - Evaluating model's direct answers for 4000 samples...
2025-09-09 11:03:48 - INFO - Filter: original=4000, filtered=3414
2025-09-09 11:03:48 - INFO - Range [600-609]: Starting activation extraction for 3414 filtered prompts, layers [1, 2, 3, 4, 5, 6, 7, 8, 9, 10, 11, 12, 13, 14, 15, 16, 17, 18, 19, 20, 21, 22, 23, 24, 25, 26, 27, 28], batch size 256.
2025-09-09 11:03:57 - INFO - Range [600-609]: Finished activation extraction for filtered set.
2025-09-09 11:04:09 - INFO - [Summary] Range 600-609 | GenAcc=0.8535 | OrigN=4000 | FiltN=3414 | BestLayer=24 Acc=0.6999
2025-09-09 11:04:09 - INFO - --- Rep 3, Range [700-709] ---
2025-09-09 11:04:09 - INFO - Range [700-709]: Starting dataset generation for target sums: [700, 701, 702, 703, 704, 705, 706, 707, 708, 709]
2025-09-09 11:04:09 - INFO - Range [700-709]: Finished dataset generation. Total samples: 4000
2025-09-09 11:04:09 - INFO - Evaluating model's direct answers for 4000 samples...
2025-09-09 11:04:21 - INFO - Filter: original=4000, filtered=2083
2025-09-09 11:04:21 - INFO - Range [700-709]: Starting activation extraction for 2083 filtered prompts, layers [1, 2, 3, 4, 5, 6, 7, 8, 9, 10, 11, 12, 13, 14, 15, 16, 17, 18, 19, 20, 21, 22, 23, 24, 25, 26, 27, 28], batch size 256.
2025-09-09 11:04:26 - INFO - Range [700-709]: Finished activation extraction for filtered set.
2025-09-09 11:04:34 - INFO - [Summary] Range 700-709 | GenAcc=0.5208 | OrigN=4000 | FiltN=2083 | BestLayer=28 Acc=0.5659
2025-09-09 11:04:34 - INFO - --- Rep 3, Range [800-809] ---
2025-09-09 11:04:34 - INFO - Range [800-809]: Starting dataset generation for target sums: [800, 801, 802, 803, 804, 805, 806, 807, 808, 809]
2025-09-09 11:04:34 - INFO - Range [800-809]: Finished dataset generation. Total samples: 4000
2025-09-09 11:04:34 - INFO - Evaluating model's direct answers for 4000 samples...
2025-09-09 11:04:45 - INFO - Filter: original=4000, filtered=2136
2025-09-09 11:04:45 - INFO - Range [800-809]: Starting activation extraction for 2136 filtered prompts, layers [1, 2, 3, 4, 5, 6, 7, 8, 9, 10, 11, 12, 13, 14, 15, 16, 17, 18, 19, 20, 21, 22, 23, 24, 25, 26, 27, 28], batch size 256.
2025-09-09 11:04:51 - INFO - Range [800-809]: Finished activation extraction for filtered set.
2025-09-09 11:04:59 - INFO - [Summary] Range 800-809 | GenAcc=0.5340 | OrigN=4000 | FiltN=2136 | BestLayer=22 Acc=0.6822
2025-09-09 11:04:59 - INFO - --- Rep 3, Range [900-909] ---
2025-09-09 11:04:59 - INFO - Range [900-909]: Starting dataset generation for target sums: [900, 901, 902, 903, 904, 905, 906, 907, 908, 909]
2025-09-09 11:04:59 - INFO - Range [900-909]: Finished dataset generation. Total samples: 4000
2025-09-09 11:04:59 - INFO - Evaluating model's direct answers for 4000 samples...
2025-09-09 11:05:10 - INFO - Filter: original=4000, filtered=2924
2025-09-09 11:05:10 - INFO - Range [900-909]: Starting activation extraction for 2924 filtered prompts, layers [1, 2, 3, 4, 5, 6, 7, 8, 9, 10, 11, 12, 13, 14, 15, 16, 17, 18, 19, 20, 21, 22, 23, 24, 25, 26, 27, 28], batch size 256.
2025-09-09 11:05:18 - INFO - Range [900-909]: Finished activation extraction for filtered set.
2025-09-09 11:05:28 - INFO - [Summary] Range 900-909 | GenAcc=0.7310 | OrigN=4000 | FiltN=2924 | BestLayer=22 Acc=0.6479
2025-09-09 11:05:28 - INFO - ========== END REP 3/5 ==========
2025-09-09 11:05:28 - INFO - ========== START REP 4/5 seed=45 ==========
2025-09-09 11:05:28 - INFO - Seed set to 45
2025-09-09 11:05:28 - INFO - --- Rep 4, Range [500-509] ---
2025-09-09 11:05:28 - INFO - Range [500-509]: Starting dataset generation for target sums: [500, 501, 502, 503, 504, 505, 506, 507, 508, 509]
2025-09-09 11:05:28 - INFO - Range [500-509]: Finished dataset generation. Total samples: 4000
2025-09-09 11:05:28 - INFO - Evaluating model's direct answers for 4000 samples...
2025-09-09 11:05:40 - INFO - Filter: original=4000, filtered=2631
2025-09-09 11:05:40 - INFO - Range [500-509]: Starting activation extraction for 2631 filtered prompts, layers [1, 2, 3, 4, 5, 6, 7, 8, 9, 10, 11, 12, 13, 14, 15, 16, 17, 18, 19, 20, 21, 22, 23, 24, 25, 26, 27, 28], batch size 256.
2025-09-09 11:05:47 - INFO - Range [500-509]: Finished activation extraction for filtered set.
2025-09-09 11:05:56 - INFO - [Summary] Range 500-509 | GenAcc=0.6577 | OrigN=4000 | FiltN=2631 | BestLayer=22 Acc=0.7040
2025-09-09 11:05:56 - INFO - --- Rep 4, Range [600-609] ---
2025-09-09 11:05:56 - INFO - Range [600-609]: Starting dataset generation for target sums: [600, 601, 602, 603, 604, 605, 606, 607, 608, 609]
2025-09-09 11:05:56 - INFO - Range [600-609]: Finished dataset generation. Total samples: 4000
2025-09-09 11:05:56 - INFO - Evaluating model's direct answers for 4000 samples...
2025-09-09 11:06:08 - INFO - Filter: original=4000, filtered=3437
2025-09-09 11:06:08 - INFO - Range [600-609]: Starting activation extraction for 3437 filtered prompts, layers [1, 2, 3, 4, 5, 6, 7, 8, 9, 10, 11, 12, 13, 14, 15, 16, 17, 18, 19, 20, 21, 22, 23, 24, 25, 26, 27, 28], batch size 256.
2025-09-09 11:06:17 - INFO - Range [600-609]: Finished activation extraction for filtered set.
2025-09-09 11:06:29 - INFO - [Summary] Range 600-609 | GenAcc=0.8592 | OrigN=4000 | FiltN=3437 | BestLayer=25 Acc=0.7616
2025-09-09 11:06:29 - INFO - --- Rep 4, Range [700-709] ---
2025-09-09 11:06:29 - INFO - Range [700-709]: Starting dataset generation for target sums: [700, 701, 702, 703, 704, 705, 706, 707, 708, 709]
2025-09-09 11:06:29 - INFO - Range [700-709]: Finished dataset generation. Total samples: 4000
2025-09-09 11:06:29 - INFO - Evaluating model's direct answers for 4000 samples...
2025-09-09 11:06:41 - INFO - Filter: original=4000, filtered=2030
2025-09-09 11:06:41 - INFO - Range [700-709]: Starting activation extraction for 2030 filtered prompts, layers [1, 2, 3, 4, 5, 6, 7, 8, 9, 10, 11, 12, 13, 14, 15, 16, 17, 18, 19, 20, 21, 22, 23, 24, 25, 26, 27, 28], batch size 256.
2025-09-09 11:06:46 - INFO - Range [700-709]: Finished activation extraction for filtered set.
2025-09-09 11:06:54 - INFO - [Summary] Range 700-709 | GenAcc=0.5075 | OrigN=4000 | FiltN=2030 | BestLayer=27 Acc=0.6133
2025-09-09 11:06:54 - INFO - --- Rep 4, Range [800-809] ---
2025-09-09 11:06:54 - INFO - Range [800-809]: Starting dataset generation for target sums: [800, 801, 802, 803, 804, 805, 806, 807, 808, 809]
2025-09-09 11:06:54 - INFO - Range [800-809]: Finished dataset generation. Total samples: 4000
2025-09-09 11:06:54 - INFO - Evaluating model's direct answers for 4000 samples...
2025-09-09 11:07:05 - INFO - Filter: original=4000, filtered=2177
2025-09-09 11:07:05 - INFO - Range [800-809]: Starting activation extraction for 2177 filtered prompts, layers [1, 2, 3, 4, 5, 6, 7, 8, 9, 10, 11, 12, 13, 14, 15, 16, 17, 18, 19, 20, 21, 22, 23, 24, 25, 26, 27, 28], batch size 256.
2025-09-09 11:07:11 - INFO - Range [800-809]: Finished activation extraction for filtered set.
2025-09-09 11:07:19 - INFO - [Summary] Range 800-809 | GenAcc=0.5443 | OrigN=4000 | FiltN=2177 | BestLayer=19 Acc=0.6606
2025-09-09 11:07:19 - INFO - --- Rep 4, Range [900-909] ---
2025-09-09 11:07:19 - INFO - Range [900-909]: Starting dataset generation for target sums: [900, 901, 902, 903, 904, 905, 906, 907, 908, 909]
2025-09-09 11:07:19 - INFO - Range [900-909]: Finished dataset generation. Total samples: 4000
2025-09-09 11:07:19 - INFO - Evaluating model's direct answers for 4000 samples...
2025-09-09 11:07:30 - INFO - Filter: original=4000, filtered=2887
2025-09-09 11:07:30 - INFO - Range [900-909]: Starting activation extraction for 2887 filtered prompts, layers [1, 2, 3, 4, 5, 6, 7, 8, 9, 10, 11, 12, 13, 14, 15, 16, 17, 18, 19, 20, 21, 22, 23, 24, 25, 26, 27, 28], batch size 256.
2025-09-09 11:07:38 - INFO - Range [900-909]: Finished activation extraction for filtered set.
2025-09-09 11:07:48 - INFO - [Summary] Range 900-909 | GenAcc=0.7218 | OrigN=4000 | FiltN=2887 | BestLayer=19 Acc=0.6349
2025-09-09 11:07:48 - INFO - ========== END REP 4/5 ==========
2025-09-09 11:07:48 - INFO - ========== START REP 5/5 seed=46 ==========
2025-09-09 11:07:48 - INFO - Seed set to 46
2025-09-09 11:07:48 - INFO - --- Rep 5, Range [500-509] ---
2025-09-09 11:07:48 - INFO - Range [500-509]: Starting dataset generation for target sums: [500, 501, 502, 503, 504, 505, 506, 507, 508, 509]
2025-09-09 11:07:48 - INFO - Range [500-509]: Finished dataset generation. Total samples: 4000
2025-09-09 11:07:48 - INFO - Evaluating model's direct answers for 4000 samples...
2025-09-09 11:08:00 - INFO - Filter: original=4000, filtered=2655
2025-09-09 11:08:00 - INFO - Range [500-509]: Starting activation extraction for 2655 filtered prompts, layers [1, 2, 3, 4, 5, 6, 7, 8, 9, 10, 11, 12, 13, 14, 15, 16, 17, 18, 19, 20, 21, 22, 23, 24, 25, 26, 27, 28], batch size 256.
2025-09-09 11:08:07 - INFO - Range [500-509]: Finished activation extraction for filtered set.
2025-09-09 11:08:17 - INFO - [Summary] Range 500-509 | GenAcc=0.6637 | OrigN=4000 | FiltN=2655 | BestLayer=20 Acc=0.7100
2025-09-09 11:08:17 - INFO - --- Rep 5, Range [600-609] ---
2025-09-09 11:08:17 - INFO - Range [600-609]: Starting dataset generation for target sums: [600, 601, 602, 603, 604, 605, 606, 607, 608, 609]
2025-09-09 11:08:17 - INFO - Range [600-609]: Finished dataset generation. Total samples: 4000
2025-09-09 11:08:17 - INFO - Evaluating model's direct answers for 4000 samples...
2025-09-09 11:08:28 - INFO - Filter: original=4000, filtered=3415
2025-09-09 11:08:28 - INFO - Range [600-609]: Starting activation extraction for 3415 filtered prompts, layers [1, 2, 3, 4, 5, 6, 7, 8, 9, 10, 11, 12, 13, 14, 15, 16, 17, 18, 19, 20, 21, 22, 23, 24, 25, 26, 27, 28], batch size 256.
2025-09-09 11:08:37 - INFO - Range [600-609]: Finished activation extraction for filtered set.
2025-09-09 11:08:50 - INFO - [Summary] Range 600-609 | GenAcc=0.8538 | OrigN=4000 | FiltN=3415 | BestLayer=20 Acc=0.7130
2025-09-09 11:08:50 - INFO - --- Rep 5, Range [700-709] ---
2025-09-09 11:08:50 - INFO - Range [700-709]: Starting dataset generation for target sums: [700, 701, 702, 703, 704, 705, 706, 707, 708, 709]
2025-09-09 11:08:50 - INFO - Range [700-709]: Finished dataset generation. Total samples: 4000
2025-09-09 11:08:50 - INFO - Evaluating model's direct answers for 4000 samples...
2025-09-09 11:09:01 - INFO - Filter: original=4000, filtered=2116
2025-09-09 11:09:01 - INFO - Range [700-709]: Starting activation extraction for 2116 filtered prompts, layers [1, 2, 3, 4, 5, 6, 7, 8, 9, 10, 11, 12, 13, 14, 15, 16, 17, 18, 19, 20, 21, 22, 23, 24, 25, 26, 27, 28], batch size 256.
2025-09-09 11:09:07 - INFO - Range [700-709]: Finished activation extraction for filtered set.
2025-09-09 11:09:14 - INFO - [Summary] Range 700-709 | GenAcc=0.5290 | OrigN=4000 | FiltN=2116 | BestLayer=20 Acc=0.6297
2025-09-09 11:09:14 - INFO - --- Rep 5, Range [800-809] ---
2025-09-09 11:09:14 - INFO - Range [800-809]: Starting dataset generation for target sums: [800, 801, 802, 803, 804, 805, 806, 807, 808, 809]
2025-09-09 11:09:14 - INFO - Range [800-809]: Finished dataset generation. Total samples: 4000
2025-09-09 11:09:14 - INFO - Evaluating model's direct answers for 4000 samples...
2025-09-09 11:09:26 - INFO - Filter: original=4000, filtered=2123
2025-09-09 11:09:26 - INFO - Range [800-809]: Starting activation extraction for 2123 filtered prompts, layers [1, 2, 3, 4, 5, 6, 7, 8, 9, 10, 11, 12, 13, 14, 15, 16, 17, 18, 19, 20, 21, 22, 23, 24, 25, 26, 27, 28], batch size 256.
2025-09-09 11:09:31 - INFO - Range [800-809]: Finished activation extraction for filtered set.
2025-09-09 11:09:39 - INFO - [Summary] Range 800-809 | GenAcc=0.5308 | OrigN=4000 | FiltN=2123 | BestLayer=19 Acc=0.6518
2025-09-09 11:09:39 - INFO - --- Rep 5, Range [900-909] ---
2025-09-09 11:09:39 - INFO - Range [900-909]: Starting dataset generation for target sums: [900, 901, 902, 903, 904, 905, 906, 907, 908, 909]
2025-09-09 11:09:39 - INFO - Range [900-909]: Finished dataset generation. Total samples: 4000
2025-09-09 11:09:39 - INFO - Evaluating model's direct answers for 4000 samples...
2025-09-09 11:09:51 - INFO - Filter: original=4000, filtered=2876
2025-09-09 11:09:51 - INFO - Range [900-909]: Starting activation extraction for 2876 filtered prompts, layers [1, 2, 3, 4, 5, 6, 7, 8, 9, 10, 11, 12, 13, 14, 15, 16, 17, 18, 19, 20, 21, 22, 23, 24, 25, 26, 27, 28], batch size 256.
2025-09-09 11:09:58 - INFO - Range [900-909]: Finished activation extraction for filtered set.
2025-09-09 11:10:09 - INFO - [Summary] Range 900-909 | GenAcc=0.7190 | OrigN=4000 | FiltN=2876 | BestLayer=22 Acc=0.6181
2025-09-09 11:10:09 - INFO - ========== END REP 5/5 ==========
2025-09-09 11:10:09 - INFO - Plotting:  Linear Decodability vs Depth (95% CI over 5 reps)
2025-09-09 11:10:11 - INFO - Figure saved: outputs/AceMath/20250909_105820/probe_gen_filtered_repeated_linear_AceMath_20250909_105820.pdf & outputs/AceMath/20250909_105820/probe_gen_filtered_repeated_linear_AceMath_20250909_105820.png
2025-09-09 11:10:11 - INFO - Summary JSON saved: outputs/AceMath/20250909_105820/summary_AceMath_20250909_105820.json
2025-09-09 11:10:11 - INFO - Finished model: /root/autodl-tmp/AceMath
